<?xml version="1.0" encoding="UTF-8"?>
<!-- Generated by org.testng.reporters.JUnitReportReporter -->
<testsuite hostname="Desktop-Monitor-1st-Floor-Room3" failures="0" tests="1" name="com.maxx.testscript.CustomerModule" time="9.923" errors="0" timestamp="2024-12-16T08:55:17 IST" skipped="0">
  <testcase classname="com.maxx.testscript.CustomerModule" name="createCustomer" time="9.923">
    <system-out>
      <![CDATA[createCustomer has got passed]]>
    </system-out>
  </testcase> <!-- createCustomer -->
  <system-out>
    <![CDATA[createCustomer has got passed
addAndDeleteUser has got passed]]>
  </system-out>
</testsuite> <!-- com.maxx.testscript.CustomerModule -->
