<?xml version="1.0" encoding="UTF-8"?>
<!-- Generated by org.testng.reporters.JUnitReportReporter -->
<testsuite hostname="Desktop-Monitor-1st-Floor-Room3" failures="0" tests="1" name="com.maxx.testscript.ProjectModule" time="12.124" errors="0" timestamp="2024-12-16T08:56:18 IST" skipped="0">
  <testcase classname="com.maxx.testscript.ProjectModule" name="deleteCustomer" time="12.124">
    <system-out>
      <![CDATA[deleteCustomer has got passed]]>
    </system-out>
  </testcase> <!-- deleteCustomer -->
  <system-out>
    <![CDATA[deleteCustomer has got passed]]>
  </system-out>
</testsuite> <!-- com.maxx.testscript.ProjectModule -->
